[debug] [2021-01-19T12:20:17.715Z] ----------------------------------------------------------------------
[debug] [2021-01-19T12:20:17.719Z] Command:       C:\Program Files\nodejs\node.exe C:\Users\jose\AppData\Roaming\npm\node_modules\firebase-tools\lib\bin\firebase.js init
[debug] [2021-01-19T12:20:17.720Z] CLI Version:   9.2.1
[debug] [2021-01-19T12:20:17.720Z] Platform:      win32
[debug] [2021-01-19T12:20:17.720Z] Node Version:  v12.16.1
[debug] [2021-01-19T12:20:17.723Z] Time:          Tue Jan 19 2021 09:20:17 GMT-0300 (GMT-03:00)
[debug] [2021-01-19T12:20:17.724Z] ----------------------------------------------------------------------
[debug] [2021-01-19T12:20:17.724Z] 
[debug] [2021-01-19T12:20:17.742Z] >>> [apiv2][query] GET https://firebase-public.firebaseio.com/cli.json [none]
[debug] [2021-01-19T12:20:17.890Z] > command requires scopes: ["email","openid","https://www.googleapis.com/auth/cloudplatformprojects.readonly","https://www.googleapis.com/auth/firebase","https://www.googleapis.com/auth/cloud-platform"]
[debug] [2021-01-19T12:20:17.891Z] > authorizing via signed-in user
[info] 
     ######## #### ########  ######## ########     ###     ######  ########
     ##        ##  ##     ## ##       ##     ##  ##   ##  ##       ##
     ######    ##  ########  ######   ########  #########  ######  ######
     ##        ##  ##    ##  ##       ##     ## ##     ##       ## ##
     ##       #### ##     ## ######## ########  ##     ##  ######  ########

You're about to initialize a Firebase project in this directory:

  C:\Users\jose\Desktop\awakelab\Modulo 4\liga-chat-15-05\e1m4t3

Before we get started, keep in mind:

  * You are initializing in an existing Firebase project directory

[debug] [2021-01-19T12:20:18.831Z] <<< [apiv2][status] GET https://firebase-public.firebaseio.com/cli.json 200
[debug] [2021-01-19T12:20:18.832Z] <<< [apiv2][body] GET https://firebase-public.firebaseio.com/cli.json {"cloudBuildErrorAfter":1594252800000,"cloudBuildWarnAfter":1590019200000,"defaultNode10After":1594252800000,"minVersion":"3.0.5","node8DeploysDisabledAfter":1613390400000,"node8RuntimeDisabledAfter":1615809600000,"node8WarnAfter":1600128000000}
[info] 
=== Project Setup
[info] 
[info] First, let's associate this project directory with a Firebase project.
[info] You can create multiple project aliases by running firebase use --add, 
[info] but for now we'll just set up a default project.
[info] 
[info] i  .firebaserc already has a default project, using e1m4t3. 
[debug] [2021-01-19T12:20:46.530Z] > refreshing access token with scopes: []
[debug] [2021-01-19T12:20:46.530Z] >>> HTTP REQUEST POST https://www.googleapis.com/oauth2/v3/token  
 <request body omitted>
[debug] [2021-01-19T12:20:46.642Z] <<< HTTP RESPONSE 200 {"date":"Tue, 19 Jan 2021 12:18:29 GMT","cache-control":"no-cache, no-store, max-age=0, must-revalidate","expires":"Mon, 01 Jan 1990 00:00:00 GMT","pragma":"no-cache","content-type":"application/json; charset=utf-8","vary":"X-Origin, Referer, Origin,Accept-Encoding","server":"scaffolding on HTTPServer2","x-xss-protection":"0","x-frame-options":"SAMEORIGIN","x-content-type-options":"nosniff","alt-svc":"h3-29=\":443\"; ma=2592000,h3-T051=\":443\"; ma=2592000,h3-Q050=\":443\"; ma=2592000,h3-Q046=\":443\"; ma=2592000,h3-Q043=\":443\"; ma=2592000,quic=\":443\"; ma=2592000; v=\"46,43\"","accept-ranges":"none","transfer-encoding":"chunked"}
[debug] [2021-01-19T12:20:46.685Z] >>> [apiv2][query] GET https://firebase.googleapis.com/v1beta1/projects/e1m4t3 [none]
[debug] [2021-01-19T12:20:47.010Z] <<< [apiv2][status] GET https://firebase.googleapis.com/v1beta1/projects/e1m4t3 403
[debug] [2021-01-19T12:20:47.010Z] <<< [apiv2][body] GET https://firebase.googleapis.com/v1beta1/projects/e1m4t3 {"error":{"code":403,"message":"The caller does not have permission","status":"PERMISSION_DENIED"}}
[debug] [2021-01-19T12:20:47.011Z] HTTP Error: 403, The caller does not have permission
[debug] [2021-01-19T12:20:47.103Z] FirebaseError: HTTP Error: 403, The caller does not have permission
    at module.exports (C:\Users\jose\AppData\Roaming\npm\node_modules\firebase-tools\lib\responseToError.js:38:12)
    at Client.doRequest (C:\Users\jose\AppData\Roaming\npm\node_modules\firebase-tools\lib\apiv2.js:220:23)
    at processTicksAndRejections (internal/process/task_queues.js:97:5)
    at async Client.request (C:\Users\jose\AppData\Roaming\npm\node_modules\firebase-tools\lib\apiv2.js:93:20)
    at async Object.getFirebaseProject (C:\Users\jose\AppData\Roaming\npm\node_modules\firebase-tools\lib\management\projects.js:289:21)
    at async Object.doSetup [as project] (C:\Users\jose\AppData\Roaming\npm\node_modules\firebase-tools\lib\init\features\project.js:77:27)
    at async init (C:\Users\jose\AppData\Roaming\npm\node_modules\firebase-tools\lib\init\index.js:19:9)
[error] 
[error] Error: Failed to get Firebase project e1m4t3. Please make sure the project exists and your account has permission to access it.
[debug] [2021-01-19T12:24:18.599Z] ----------------------------------------------------------------------
[debug] [2021-01-19T12:24:18.604Z] Command:       C:\Program Files\nodejs\node.exe C:\Users\jose\AppData\Roaming\npm\node_modules\firebase-tools\lib\bin\firebase.js deploy
[debug] [2021-01-19T12:24:18.604Z] CLI Version:   9.2.1
[debug] [2021-01-19T12:24:18.604Z] Platform:      win32
[debug] [2021-01-19T12:24:18.605Z] Node Version:  v12.16.1
[debug] [2021-01-19T12:24:18.607Z] Time:          Tue Jan 19 2021 09:24:18 GMT-0300 (GMT-03:00)
[debug] [2021-01-19T12:24:18.607Z] ----------------------------------------------------------------------
[debug] [2021-01-19T12:24:18.607Z] 
[debug] [2021-01-19T12:24:18.624Z] > command requires scopes: ["email","openid","https://www.googleapis.com/auth/cloudplatformprojects.readonly","https://www.googleapis.com/auth/firebase","https://www.googleapis.com/auth/cloud-platform"]
[debug] [2021-01-19T12:24:18.626Z] > authorizing via signed-in user
[debug] [2021-01-19T12:24:18.626Z] [iam] checking project e1m4t3 for permissions ["firebase.projects.get","firebasehosting.sites.update"]
[debug] [2021-01-19T12:24:18.633Z] > refreshing access token with scopes: ["email","https://www.googleapis.com/auth/cloud-platform","https://www.googleapis.com/auth/cloudplatformprojects.readonly","https://www.googleapis.com/auth/firebase","openid"]
[debug] [2021-01-19T12:24:18.634Z] >>> HTTP REQUEST POST https://www.googleapis.com/oauth2/v3/token  
 <request body omitted>
[debug] [2021-01-19T12:24:18.751Z] <<< HTTP RESPONSE 200 {"expires":"Mon, 01 Jan 1990 00:00:00 GMT","pragma":"no-cache","cache-control":"no-cache, no-store, max-age=0, must-revalidate","date":"Tue, 19 Jan 2021 12:22:01 GMT","content-type":"application/json; charset=utf-8","vary":"X-Origin, Referer, Origin,Accept-Encoding","server":"scaffolding on HTTPServer2","x-xss-protection":"0","x-frame-options":"SAMEORIGIN","x-content-type-options":"nosniff","alt-svc":"h3-29=\":443\"; ma=2592000,h3-T051=\":443\"; ma=2592000,h3-Q050=\":443\"; ma=2592000,h3-Q046=\":443\"; ma=2592000,h3-Q043=\":443\"; ma=2592000,quic=\":443\"; ma=2592000; v=\"46,43\"","accept-ranges":"none","transfer-encoding":"chunked"}
[debug] [2021-01-19T12:24:18.804Z] >>> HTTP REQUEST POST https://cloudresourcemanager.googleapis.com/v1/projects/e1m4t3:testIamPermissions  
 {"permissions":["firebase.projects.get","firebasehosting.sites.update"]}
[debug] [2021-01-19T12:24:19.868Z] <<< HTTP RESPONSE 200 {"content-type":"application/json; charset=UTF-8","vary":"X-Origin, Referer, Origin,Accept-Encoding","date":"Tue, 19 Jan 2021 12:22:02 GMT","server":"ESF","cache-control":"private","x-xss-protection":"0","x-frame-options":"SAMEORIGIN","x-content-type-options":"nosniff","server-timing":"gfet4t7; dur=909","alt-svc":"h3-29=\":443\"; ma=2592000,h3-T051=\":443\"; ma=2592000,h3-Q050=\":443\"; ma=2592000,h3-Q046=\":443\"; ma=2592000,h3-Q043=\":443\"; ma=2592000,quic=\":443\"; ma=2592000; v=\"46,43\"","accept-ranges":"none","transfer-encoding":"chunked"}
[debug] [2021-01-19T12:24:19.869Z] [iam] error while checking permissions, command may fail: FirebaseError: Authorization failed. This account is missing the following required permissions on project e1m4t3:

  firebase.projects.get
  firebasehosting.sites.update
[debug] [2021-01-19T12:24:19.871Z] > refreshing access token with scopes: []
[debug] [2021-01-19T12:24:19.871Z] >>> HTTP REQUEST POST https://www.googleapis.com/oauth2/v3/token  
 <request body omitted>
[debug] [2021-01-19T12:24:19.938Z] <<< HTTP RESPONSE 200 {"cache-control":"no-cache, no-store, max-age=0, must-revalidate","pragma":"no-cache","expires":"Mon, 01 Jan 1990 00:00:00 GMT","date":"Tue, 19 Jan 2021 12:22:02 GMT","content-type":"application/json; charset=utf-8","vary":"X-Origin, Referer, Origin,Accept-Encoding","server":"scaffolding on HTTPServer2","x-xss-protection":"0","x-frame-options":"SAMEORIGIN","x-content-type-options":"nosniff","alt-svc":"h3-29=\":443\"; ma=2592000,h3-T051=\":443\"; ma=2592000,h3-Q050=\":443\"; ma=2592000,h3-Q046=\":443\"; ma=2592000,h3-Q043=\":443\"; ma=2592000,quic=\":443\"; ma=2592000; v=\"46,43\"","accept-ranges":"none","transfer-encoding":"chunked"}
[debug] [2021-01-19T12:24:20.002Z] >>> [apiv2][query] GET https://firebase.googleapis.com/v1beta1/projects/e1m4t3 [none]
[debug] [2021-01-19T12:24:20.975Z] <<< [apiv2][status] GET https://firebase.googleapis.com/v1beta1/projects/e1m4t3 403
[debug] [2021-01-19T12:24:20.975Z] <<< [apiv2][body] GET https://firebase.googleapis.com/v1beta1/projects/e1m4t3 {"error":{"code":403,"message":"The caller does not have permission","status":"PERMISSION_DENIED"}}
[debug] [2021-01-19T12:24:20.976Z] HTTP Error: 403, The caller does not have permission
[debug] [2021-01-19T12:24:21.023Z] FirebaseError: HTTP Error: 403, The caller does not have permission
    at module.exports (C:\Users\jose\AppData\Roaming\npm\node_modules\firebase-tools\lib\responseToError.js:38:12)
    at Client.doRequest (C:\Users\jose\AppData\Roaming\npm\node_modules\firebase-tools\lib\apiv2.js:220:23)
    at processTicksAndRejections (internal/process/task_queues.js:97:5)
    at async Client.request (C:\Users\jose\AppData\Roaming\npm\node_modules\firebase-tools\lib\apiv2.js:93:20)
    at async Object.getFirebaseProject (C:\Users\jose\AppData\Roaming\npm\node_modules\firebase-tools\lib\management\projects.js:289:21)
    at async Object.getDefaultHostingSite (C:\Users\jose\AppData\Roaming\npm\node_modules\firebase-tools\lib\getDefaultHostingSite.js:8:21)
    at async requireHostingSite (C:\Users\jose\AppData\Roaming\npm\node_modules\firebase-tools\lib\requireHostingSite.js:9:18)
    at async Object.fn (C:\Users\jose\AppData\Roaming\npm\node_modules\firebase-tools\lib\commands\deploy.js:66:9)
    at async C:\Users\jose\AppData\Roaming\npm\node_modules\firebase-tools\lib\command.js:161:17
[error] 
[error] Error: Failed to get Firebase project e1m4t3. Please make sure the project exists and your account has permission to access it.
[debug] [2021-01-19T12:29:34.100Z] ----------------------------------------------------------------------
[debug] [2021-01-19T12:29:34.107Z] Command:       C:\Program Files\nodejs\node.exe C:\Users\jose\AppData\Roaming\npm\node_modules\firebase-tools\lib\bin\firebase.js init
[debug] [2021-01-19T12:29:34.108Z] CLI Version:   9.2.1
[debug] [2021-01-19T12:29:34.108Z] Platform:      win32
[debug] [2021-01-19T12:29:34.108Z] Node Version:  v12.16.1
[debug] [2021-01-19T12:29:34.205Z] Time:          Tue Jan 19 2021 09:29:34 GMT-0300 (GMT-03:00)
[debug] [2021-01-19T12:29:34.205Z] ----------------------------------------------------------------------
[debug] [2021-01-19T12:29:34.205Z] 
[debug] [2021-01-19T12:29:34.253Z] > command requires scopes: ["email","openid","https://www.googleapis.com/auth/cloudplatformprojects.readonly","https://www.googleapis.com/auth/firebase","https://www.googleapis.com/auth/cloud-platform"]
[debug] [2021-01-19T12:29:34.254Z] > authorizing via signed-in user
[info] 
     ######## #### ########  ######## ########     ###     ######  ########
     ##        ##  ##     ## ##       ##     ##  ##   ##  ##       ##
     ######    ##  ########  ######   ########  #########  ######  ######
     ##        ##  ##    ##  ##       ##     ## ##     ##       ## ##
     ##       #### ##     ## ######## ########  ##     ##  ######  ########

You're about to initialize a Firebase project in this directory:

  C:\Users\jose\Desktop\awakelab\Modulo 4\liga-chat-15-05\e1m4t3

Before we get started, keep in mind:

  * You are initializing in an existing Firebase project directory

[info] 
=== Project Setup
[info] 
[info] First, let's associate this project directory with a Firebase project.
[info] You can create multiple project aliases by running firebase use --add, 
[info] but for now we'll just set up a default project.
[info] 
[info] i  .firebaserc already has a default project, using e1m4t3. 
[debug] [2021-01-19T12:29:48.377Z] >>> [apiv2][query] GET https://firebase.googleapis.com/v1beta1/projects/e1m4t3 [none]
[debug] [2021-01-19T12:29:49.152Z] <<< [apiv2][status] GET https://firebase.googleapis.com/v1beta1/projects/e1m4t3 403
[debug] [2021-01-19T12:29:49.152Z] <<< [apiv2][body] GET https://firebase.googleapis.com/v1beta1/projects/e1m4t3 {"error":{"code":403,"message":"The caller does not have permission","status":"PERMISSION_DENIED"}}
[debug] [2021-01-19T12:29:49.153Z] HTTP Error: 403, The caller does not have permission
[debug] [2021-01-19T12:29:49.243Z] FirebaseError: HTTP Error: 403, The caller does not have permission
    at module.exports (C:\Users\jose\AppData\Roaming\npm\node_modules\firebase-tools\lib\responseToError.js:38:12)
    at Client.doRequest (C:\Users\jose\AppData\Roaming\npm\node_modules\firebase-tools\lib\apiv2.js:220:23)
    at processTicksAndRejections (internal/process/task_queues.js:97:5)
    at async Client.request (C:\Users\jose\AppData\Roaming\npm\node_modules\firebase-tools\lib\apiv2.js:93:20)
    at async Object.getFirebaseProject (C:\Users\jose\AppData\Roaming\npm\node_modules\firebase-tools\lib\management\projects.js:289:21)
    at async Object.doSetup [as project] (C:\Users\jose\AppData\Roaming\npm\node_modules\firebase-tools\lib\init\features\project.js:77:27)
    at async init (C:\Users\jose\AppData\Roaming\npm\node_modules\firebase-tools\lib\init\index.js:19:9)
[error] 
[error] Error: Failed to get Firebase project e1m4t3. Please make sure the project exists and your account has permission to access it.
